[github.com/flipped-aurora/gin-vue-admin/server]2022/08/17 - 09:28:37.145	[31merror[0m	D:/gin-vue-admin-main/gin-vue-admin-main/server/api/v1/system/sys_trs.go:81	ç³»ç»Ÿæ‰§è¡Œè„šæœ¬å‡ºé”™!!!	{"error": "exec: \"bash\": executable file not found in %PATH%"}
[github.com/flipped-aurora/gin-vue-admin/server]2022/08/17 - 10:24:31.154	[31merror[0m	D:/gin-vue-admin-main/gin-vue-admin-main/server/api/v1/system/sys_trs.go:145	è·å–è½¬å½•ç»„ä¿¡æ¯å¤±è´¥	{"error": "éæ³•çš„æ’åºå­—æ®µ: raw_clean_dir"}
[github.com/flipped-aurora/gin-vue-admin/server]2022/08/17 - 10:24:33.968	[31merror[0m	D:/gin-vue-admin-main/gin-vue-admin-main/server/api/v1/system/sys_trs.go:145	è·å–è½¬å½•ç»„ä¿¡æ¯å¤±è´¥	{"error": "éæ³•çš„æ’åºå­—æ®µ: raw_clean_dir"}
[github.com/flipped-aurora/gin-vue-admin/server]2022/08/17 - 10:24:40.419	[31merror[0m	D:/gin-vue-admin-main/gin-vue-admin-main/server/api/v1/system/sys_trs.go:145	è·å–è½¬å½•ç»„ä¿¡æ¯å¤±è´¥	{"error": "éæ³•çš„æ’åºå­—æ®µ: analysis_type"}
[github.com/flipped-aurora/gin-vue-admin/server]2022/08/17 - 10:24:41.633	[31merror[0m	D:/gin-vue-admin-main/gin-vue-admin-main/server/api/v1/system/sys_trs.go:145	è·å–è½¬å½•ç»„ä¿¡æ¯å¤±è´¥	{"error": "éæ³•çš„æ’åºå­—æ®µ: analysis_type"}
[github.com/flipped-aurora/gin-vue-admin/server]2022/08/17 - 10:24:43.343	[31merror[0m	D:/gin-vue-admin-main/gin-vue-admin-main/server/api/v1/system/sys_trs.go:145	è·å–è½¬å½•ç»„ä¿¡æ¯å¤±è´¥	{"error": "éæ³•çš„æ’åºå­—æ®µ: sample_info"}
[github.com/flipped-aurora/gin-vue-admin/server]2022/08/17 - 10:24:44.029	[31merror[0m	D:/gin-vue-admin-main/gin-vue-admin-main/server/api/v1/system/sys_trs.go:145	è·å–è½¬å½•ç»„ä¿¡æ¯å¤±è´¥	{"error": "éæ³•çš„æ’åºå­—æ®µ: sample_info"}
[github.com/flipped-aurora/gin-vue-admin/server]2022/08/17 - 10:24:45.724	[31merror[0m	D:/gin-vue-admin-main/gin-vue-admin-main/server/api/v1/system/sys_trs.go:145	è·å–è½¬å½•ç»„ä¿¡æ¯å¤±è´¥	{"error": "éæ³•çš„æ’åºå­—æ®µ: species_names"}
[github.com/flipped-aurora/gin-vue-admin/server]2022/08/17 - 10:24:53.569	[31merror[0m	D:/gin-vue-admin-main/gin-vue-admin-main/server/api/v1/system/sys_trs.go:145	è·å–è½¬å½•ç»„ä¿¡æ¯å¤±è´¥	{"error": "éæ³•çš„æ’åºå­—æ®µ: species_names"}
[github.com/flipped-aurora/gin-vue-admin/server]2022/08/17 - 10:25:04.387	[31merror[0m	D:/gin-vue-admin-main/gin-vue-admin-main/server/api/v1/system/sys_trs.go:145	è·å–è½¬å½•ç»„ä¿¡æ¯å¤±è´¥	{"error": "éæ³•çš„æ’åºå­—æ®µ: category"}
[github.com/flipped-aurora/gin-vue-admin/server]2022/08/17 - 10:27:23.544	[31merror[0m	D:/gin-vue-admin-main/gin-vue-admin-main/server/api/v1/system/sys_trs.go:145	è·å–è½¬å½•ç»„ä¿¡æ¯å¤±è´¥	{"error": "éæ³•çš„æ’åºå­—æ®µ: raw_clean_dir"}
[github.com/flipped-aurora/gin-vue-admin/server]2022/08/17 - 10:28:38.435	[31merror[0m	D:/gin-vue-admin-main/gin-vue-admin-main/server/api/v1/system/sys_trs.go:145	è·å–è½¬å½•ç»„ä¿¡æ¯å¤±è´¥	{"error": "éæ³•çš„æ’åºå­—æ®µ: analysis_type"}
[github.com/flipped-aurora/gin-vue-admin/server]2022/08/17 - 10:31:04.006	[31merror[0m	D:/gin-vue-admin-main/gin-vue-admin-main/server/api/v1/system/sys_trs.go:145	è·å–è½¬å½•ç»„ä¿¡æ¯å¤±è´¥	{"error": "éæ³•çš„æ’åºå­—æ®µ: analysis_type"}
[github.com/flipped-aurora/gin-vue-admin/server]2022/08/17 - 10:37:35.206	[31merror[0m	D:/gin-vue-admin-main/gin-vue-admin-main/server/api/v1/system/sys_trs.go:145	è·å–è½¬å½•ç»„ä¿¡æ¯å¤±è´¥	{"error": "éæ³•çš„æ’åºå­—æ®µ: raw_clean_dir"}
[github.com/flipped-aurora/gin-vue-admin/server]2022/08/17 - 10:37:36.525	[31merror[0m	D:/gin-vue-admin-main/gin-vue-admin-main/server/api/v1/system/sys_trs.go:145	è·å–è½¬å½•ç»„ä¿¡æ¯å¤±è´¥	{"error": "éæ³•çš„æ’åºå­—æ®µ: raw_clean_dir"}
[github.com/flipped-aurora/gin-vue-admin/server]2022/08/17 - 10:56:36.962	[31merror[0m	D:/gin-vue-admin-main/gin-vue-admin-main/server/api/v1/system/sys_trs.go:121	æ›´æ–°å¤±è´¥,ç–‘ä¼¼é¡¹ç›®å·å·²ç»å­˜åœ¨!	{"error": "å­˜åœ¨ç›¸åŒProjectNoé¡¹ç›®å·ä¿®æ”¹å¤±è´¥"}
[github.com/flipped-aurora/gin-vue-admin/server]2022/08/17 - 10:57:42.230	[31merror[0m	D:/gin-vue-admin-main/gin-vue-admin-main/server/api/v1/system/sys_trs.go:121	æ›´æ–°å¤±è´¥,ç–‘ä¼¼é¡¹ç›®å·å·²ç»å­˜åœ¨!	{"error": "å­˜åœ¨ç›¸åŒProjectNoé¡¹ç›®å·ä¿®æ”¹å¤±è´¥"}
[github.com/flipped-aurora/gin-vue-admin/server]2022/08/17 - 10:58:00.111	[31merror[0m	D:/gin-vue-admin-main/gin-vue-admin-main/server/api/v1/system/sys_trs.go:121	æ›´æ–°å¤±è´¥,ç–‘ä¼¼é¡¹ç›®å·å·²ç»å­˜åœ¨!	{"error": "å­˜åœ¨ç›¸åŒProjectNoé¡¹ç›®å·ä¿®æ”¹å¤±è´¥"}
[github.com/flipped-aurora/gin-vue-admin/server]2022/08/17 - 11:01:47.748	[31merror[0m	D:/gin-vue-admin-main/gin-vue-admin-main/server/api/v1/system/sys_trs.go:121	æ›´æ–°å¤±è´¥,ç–‘ä¼¼é¡¹ç›®å·å·²ç»å­˜åœ¨!	{"error": "å­˜åœ¨ç›¸åŒProjectNoé¡¹ç›®å·ä¿®æ”¹å¤±è´¥"}
[github.com/flipped-aurora/gin-vue-admin/server]2022/08/17 - 11:02:30.090	[31merror[0m	D:/gin-vue-admin-main/gin-vue-admin-main/server/api/v1/system/sys_trs.go:121	æ›´æ–°å¤±è´¥,ç–‘ä¼¼é¡¹ç›®å·å·²ç»å­˜åœ¨!	{"error": "å­˜åœ¨ç›¸åŒProjectNoé¡¹ç›®å·ä¿®æ”¹å¤±è´¥"}
[github.com/flipped-aurora/gin-vue-admin/server]2022/08/17 - 11:05:07.171	[31merror[0m	D:/gin-vue-admin-main/gin-vue-admin-main/server/api/v1/system/sys_trs.go:121	æ›´æ–°å¤±è´¥,ç–‘ä¼¼é¡¹ç›®å·å·²ç»å­˜åœ¨!	{"error": "å­˜åœ¨ç›¸åŒProjectNoé¡¹ç›®å·ä¿®æ”¹å¤±è´¥"}
[github.com/flipped-aurora/gin-vue-admin/server]2022/08/17 - 11:05:41.987	[31merror[0m	D:/gin-vue-admin-main/gin-vue-admin-main/server/api/v1/system/sys_trs.go:121	æ›´æ–°å¤±è´¥,ç–‘ä¼¼é¡¹ç›®å·å·²ç»å­˜åœ¨!	{"error": "å­˜åœ¨ç›¸åŒProjectNoé¡¹ç›®å·ä¿®æ”¹å¤±è´¥"}
[github.com/flipped-aurora/gin-vue-admin/server]2022/08/17 - 11:06:57.362	[31merror[0m	D:/gin-vue-admin-main/gin-vue-admin-main/server/api/v1/system/sys_trs.go:121	æ›´æ–°å¤±è´¥,ç–‘ä¼¼é¡¹ç›®å·å·²ç»å­˜åœ¨!	{"error": "å­˜åœ¨ç›¸åŒProjectNoé¡¹ç›®å·ä¿®æ”¹å¤±è´¥"}
[github.com/flipped-aurora/gin-vue-admin/server]2022/08/17 - 11:08:17.565	[31merror[0m	D:/gin-vue-admin-main/gin-vue-admin-main/server/api/v1/system/sys_trs.go:121	æ›´æ–°å¤±è´¥,ç–‘ä¼¼é¡¹ç›®å·å·²ç»å­˜åœ¨!	{"error": "å­˜åœ¨ç›¸åŒProjectNoé¡¹ç›®å·ä¿®æ”¹å¤±è´¥"}
[github.com/flipped-aurora/gin-vue-admin/server]2022/08/17 - 11:29:45.536	[31merror[0m	D:/gin-vue-admin-main/gin-vue-admin-main/server/api/v1/system/sys_trs.go:68	å­˜åœ¨é‡å¤é¡¹ç›®å·ï¼Œè¯·ä¿®æ”¹projectNo!
[github.com/flipped-aurora/gin-vue-admin/server]2022/08/17 - 13:06:03.710	[31merror[0m	D:/gin-vue-admin-main/gin-vue-admin-main/server/api/v1/system/sys_trs.go:212	æ–‡ä»¶ä¸å­˜åœ¨!	{"error": "CreateFile D:\\gin-vue-admin-main\\gin-vue-admin-main\\server\\outs\\RNA20220818.txt: The system cannot find the file specified."}
[github.com/flipped-aurora/gin-vue-admin/server]2022/08/17 - 13:06:07.608	[31merror[0m	D:/gin-vue-admin-main/gin-vue-admin-main/server/api/v1/system/sys_trs.go:212	æ–‡ä»¶ä¸å­˜åœ¨!	{"error": "CreateFile D:\\gin-vue-admin-main\\gin-vue-admin-main\\server\\outs\\RNA20220823.txt: The system cannot find the file specified."}
[github.com/flipped-aurora/gin-vue-admin/server]2022/08/17 - 13:06:14.490	[31merror[0m	D:/gin-vue-admin-main/gin-vue-admin-main/server/api/v1/system/sys_trs.go:212	æ–‡ä»¶ä¸å­˜åœ¨!	{"error": "CreateFile D:\\gin-vue-admin-main\\gin-vue-admin-main\\server\\outs\\homo.txt: The system cannot find the file specified."}
