[github.com/flipped-aurora/gin-vue-admin/server]2022/07/18 - 10:07:31.171	[31merror[0m	D:/gin-vue-admin-main/gin-vue-admin-main/server/api/v1/example/exa_excel.go:74	åŠ è½½æ•°æ®å¤±è´¥!	{"error": "zip: not a valid zip file"}
[github.com/flipped-aurora/gin-vue-admin/server]2022/07/18 - 10:31:10.383	[31merror[0m	D:/gin-vue-admin-main/gin-vue-admin-main/server/api/v1/example/exa_excel.go:74	åŠ è½½æ•°æ®å¤±è´¥!	{"error": "zip: not a valid zip file"}
[github.com/flipped-aurora/gin-vue-admin/server]2022/07/18 - 10:33:14.259	[31merror[0m	D:/gin-vue-admin-main/gin-vue-admin-main/server/api/v1/example/exa_excel.go:75	åŠ è½½æ•°æ®å¤±è´¥!	{"error": "zip: not a valid zip file"}
[github.com/flipped-aurora/gin-vue-admin/server]2022/07/18 - 10:36:32.090	[31merror[0m	D:/gin-vue-admin-main/gin-vue-admin-main/server/api/v1/example/exa_excel.go:75	åŠ è½½æ•°æ®å¤±è´¥!	{"error": "zip: not a valid zip file"}
[github.com/flipped-aurora/gin-vue-admin/server]2022/07/18 - 10:38:03.980	[31merror[0m	D:/gin-vue-admin-main/gin-vue-admin-main/server/api/v1/example/exa_excel.go:77	åŠ è½½æ•°æ®å¤±è´¥!	{"error": "zip: not a valid zip file"}
[github.com/flipped-aurora/gin-vue-admin/server]2022/07/18 - 10:40:36.871	[31merror[0m	D:/gin-vue-admin-main/gin-vue-admin-main/server/api/v1/example/exa_excel.go:77	åŠ è½½æ•°æ®å¤±è´¥!	{"error": "zip: not a valid zip file"}
[github.com/flipped-aurora/gin-vue-admin/server]2022/07/18 - 10:41:32.051	[31merror[0m	D:/gin-vue-admin-main/gin-vue-admin-main/server/api/v1/example/exa_excel.go:77	åŠ è½½æ•°æ®å¤±è´¥!	{"error": "zip: not a valid zip file"}
[github.com/flipped-aurora/gin-vue-admin/server]2022/07/18 - 10:44:03.528	[31merror[0m	D:/gin-vue-admin-main/gin-vue-admin-main/server/api/v1/example/exa_excel.go:77	åŠ è½½æ•°æ®å¤±è´¥!	{"error": "zip: not a valid zip file"}
[github.com/flipped-aurora/gin-vue-admin/server]2022/07/18 - 10:45:16.816	[31merror[0m	D:/gin-vue-admin-main/gin-vue-admin-main/server/api/v1/example/exa_excel.go:77	åŠ è½½æ•°æ®å¤±è´¥!	{"error": "zip: not a valid zip file"}
[github.com/flipped-aurora/gin-vue-admin/server]2022/07/18 - 10:45:53.259	[31merror[0m	D:/gin-vue-admin-main/gin-vue-admin-main/server/api/v1/example/exa_excel.go:77	åŠ è½½æ•°æ®å¤±è´¥!	{"error": "zip: not a valid zip file"}
[github.com/flipped-aurora/gin-vue-admin/server]2022/07/18 - 10:46:42.365	[31merror[0m	D:/gin-vue-admin-main/gin-vue-admin-main/server/api/v1/example/exa_excel.go:77	åŠ è½½æ•°æ®å¤±è´¥!	{"error": "zip: not a valid zip file"}
[github.com/flipped-aurora/gin-vue-admin/server]2022/07/18 - 10:47:25.176	[31merror[0m	D:/gin-vue-admin-main/gin-vue-admin-main/server/api/v1/example/exa_excel.go:77	åŠ è½½æ•°æ®å¤±è´¥!	{"error": "zip: not a valid zip file"}
[github.com/flipped-aurora/gin-vue-admin/server]2022/07/18 - 10:58:07.366	[31merror[0m	D:/gin-vue-admin-main/gin-vue-admin-main/server/api/v1/example/exa_excel.go:76	åŠ è½½æ•°æ®å¤±è´¥!	{"error": "zip: not a valid zip file"}
[github.com/flipped-aurora/gin-vue-admin/server]2022/07/18 - 13:39:01.452	[31merror[0m	D:/gin-vue-admin-main/gin-vue-admin-main/server/api/v1/system/sys_api.go:34	åˆ›å»ºå¤±è´¥!	{"error": "å­˜åœ¨ç›¸åŒapi"}
[github.com/flipped-aurora/gin-vue-admin/server]2022/07/18 - 13:41:22.234	[31merror[0m	D:/gin-vue-admin-main/gin-vue-admin-main/server/api/v1/system/sys_trs.go:137	å¯¼å…¥æ–‡ä»¶å¤±è´¥!	{"error": "zip: not a valid zip file"}
[github.com/flipped-aurora/gin-vue-admin/server]2022/07/18 - 13:51:18.653	[31merror[0m	D:/gin-vue-admin-main/gin-vue-admin-main/server/api/v1/system/sys_trs.go:137	å¯¼å…¥æ–‡ä»¶å¤±è´¥!	{"error": "Excelæ ¼å¼é”™è¯¯"}
[github.com/flipped-aurora/gin-vue-admin/server]2022/07/18 - 13:51:18.657	[31merror[0m	D:/gin-vue-admin-main/gin-vue-admin-main/server/middleware/operation.go:122	create operation record error:	{"error": "Error 1366: Incorrect string value: '\\x82\\xCFn\\x01\\x00\\x00...' for column 'body' at row 1"}
[github.com/flipped-aurora/gin-vue-admin/server]2022/07/18 - 13:55:23.487	[31merror[0m	D:/gin-vue-admin-main/gin-vue-admin-main/server/api/v1/system/sys_trs.go:137	å¯¼å…¥æ–‡ä»¶å¤±è´¥ã€‚ã€‚ã€‚	{"error": "Excelæ ¼å¼é”™è¯¯"}
[github.com/flipped-aurora/gin-vue-admin/server]2022/07/18 - 13:55:23.492	[31merror[0m	D:/gin-vue-admin-main/gin-vue-admin-main/server/middleware/operation.go:122	create operation record error:	{"error": "Error 1366: Incorrect string value: '\\x82\\xCFn\\x01\\x00\\x00...' for column 'body' at row 1"}
[github.com/flipped-aurora/gin-vue-admin/server]2022/07/18 - 14:00:29.997	[31merror[0m	D:/gin-vue-admin-main/gin-vue-admin-main/server/middleware/operation.go:122	create operation record error:	{"error": "Error 1366: Incorrect string value: '\\x82\\xCFn\\x01\\x00\\x00...' for column 'body' at row 1"}
[github.com/flipped-aurora/gin-vue-admin/server]2022/07/18 - 14:02:33.816	[31merror[0m	D:/gin-vue-admin-main/gin-vue-admin-main/server/api/v1/system/sys_trs.go:137	å¯¼å…¥æ–‡ä»¶å¤±è´¥ã€‚ã€‚ã€‚	{"error": "zip: not a valid zip file"}
[github.com/flipped-aurora/gin-vue-admin/server]2022/07/18 - 14:05:04.808	[31merror[0m	D:/gin-vue-admin-main/gin-vue-admin-main/server/middleware/operation.go:122	create operation record error:	{"error": "Error 1366: Incorrect string value: '\\x82\\xCFn\\x01\\x00\\x00...' for column 'body' at row 1"}
[github.com/flipped-aurora/gin-vue-admin/server]2022/07/18 - 14:14:38.626	[31merror[0m	D:/gin-vue-admin-main/gin-vue-admin-main/server/api/v1/system/sys_trs.go:116	æ–‡ä»¶ä¸å­˜åœ¨!	{"error": "CreateFile D:\\gin-vue-admin-main\\gin-vue-admin-main\\server\\outs\\RNAS008.txt: The system cannot find the file specified."}
[github.com/flipped-aurora/gin-vue-admin/server]2022/07/18 - 15:03:06.844	[31merror[0m	D:/gin-vue-admin-main/gin-vue-admin-main/server/middleware/operation.go:122	create operation record error:	{"error": "Error 1366: Incorrect string value: '\\x82\\xCFn\\x01\\x00\\x00...' for column 'body' at row 1"}
[github.com/flipped-aurora/gin-vue-admin/server]2022/07/18 - 15:16:18.524	[31merror[0m	D:/gin-vue-admin-main/gin-vue-admin-main/server/middleware/operation.go:122	create operation record error:	{"error": "Error 1366: Incorrect string value: '\\x82\\xCFn\\x01\\x00\\x00...' for column 'body' at row 1"}
