[github.com/flipped-aurora/gin-vue-admin/server]2022/07/19 - 09:37:07.773	[31merror[0m	D:/gin-vue-admin-main/gin-vue-admin-main/server/api/v1/system/sys_trs.go:107	æ­¤æ¡è®°å½•æœªæ‰¾åˆ°ï¼Œæ— æ³•ç¼–è¾‘!	{"error": "record not found"}
[github.com/flipped-aurora/gin-vue-admin/server]2022/07/19 - 09:39:23.846	[31merror[0m	D:/gin-vue-admin-main/gin-vue-admin-main/server/api/v1/system/sys_trs.go:107	æ­¤æ¡è®°å½•æœªæ‰¾åˆ°ï¼Œæ— æ³•ç¼–è¾‘!	{"error": "record not found"}
[github.com/flipped-aurora/gin-vue-admin/server]2022/07/19 - 09:39:30.497	[31merror[0m	D:/gin-vue-admin-main/gin-vue-admin-main/server/api/v1/system/sys_trs.go:107	æ­¤æ¡è®°å½•æœªæ‰¾åˆ°ï¼Œæ— æ³•ç¼–è¾‘!	{"error": "record not found"}
[github.com/flipped-aurora/gin-vue-admin/server]2022/07/19 - 10:24:30.657	[31merror[0m	D:/gin-vue-admin-main/gin-vue-admin-main/server/api/v1/system/sys_trs.go:87	æ›´æ–°å¤±è´¥!	{"error": "å­˜åœ¨ç›¸åŒProjectNoé¡¹ç›®å·ä¿®æ”¹å¤±è´¥"}
[github.com/flipped-aurora/gin-vue-admin/server]2022/07/19 - 10:30:44.814	[31merror[0m	D:/gin-vue-admin-main/gin-vue-admin-main/server/api/v1/system/sys_trs.go:87	æ›´æ–°å¤±è´¥!	{"error": "å­˜åœ¨ç›¸åŒProjectNoé¡¹ç›®å·ä¿®æ”¹å¤±è´¥"}
[github.com/flipped-aurora/gin-vue-admin/server]2022/07/19 - 10:31:48.934	[31merror[0m	D:/gin-vue-admin-main/gin-vue-admin-main/server/api/v1/system/sys_trs.go:87	æ›´æ–°å¤±è´¥!	{"error": "å­˜åœ¨ç›¸åŒProjectNoé¡¹ç›®å·ä¿®æ”¹å¤±è´¥"}
[github.com/flipped-aurora/gin-vue-admin/server]2022/07/19 - 10:32:13.145	[31merror[0m	D:/gin-vue-admin-main/gin-vue-admin-main/server/api/v1/system/sys_trs.go:87	æ›´æ–°å¤±è´¥!	{"error": "å­˜åœ¨ç›¸åŒProjectNoé¡¹ç›®å·ä¿®æ”¹å¤±è´¥"}
[github.com/flipped-aurora/gin-vue-admin/server]2022/07/19 - 10:32:39.702	[31merror[0m	D:/gin-vue-admin-main/gin-vue-admin-main/server/api/v1/system/sys_trs.go:87	æ›´æ–°å¤±è´¥!	{"error": "å­˜åœ¨ç›¸åŒProjectNoé¡¹ç›®å·ä¿®æ”¹å¤±è´¥"}
[github.com/flipped-aurora/gin-vue-admin/server]2022/07/19 - 10:37:41.974	[31merror[0m	D:/gin-vue-admin-main/gin-vue-admin-main/server/api/v1/system/sys_trs.go:178	æ–‡ä»¶ä¸å­˜åœ¨!	{"error": "CreateFile D:\\gin-vue-admin-main\\gin-vue-admin-main\\server\\outs\\é¡¹ç›®003 .txt: The system cannot find the file specified."}
[github.com/flipped-aurora/gin-vue-admin/server]2022/07/19 - 10:42:43.529	[31merror[0m	D:/gin-vue-admin-main/gin-vue-admin-main/server/api/v1/system/sys_trs.go:178	æ–‡ä»¶ä¸å­˜åœ¨!	{"error": "CreateFile D:\\gin-vue-admin-main\\gin-vue-admin-main\\server\\outs\\é¡¹ç›®003 .txt: The system cannot find the file specified."}
[github.com/flipped-aurora/gin-vue-admin/server]2022/07/19 - 10:43:38.855	[31merror[0m	D:/gin-vue-admin-main/gin-vue-admin-main/server/api/v1/system/sys_trs.go:87	æ›´æ–°å¤±è´¥,ç–‘ä¼¼é¡¹ç›®å·å·²ç»å­˜åœ¨!	{"error": "å­˜åœ¨ç›¸åŒProjectNoé¡¹ç›®å·ä¿®æ”¹å¤±è´¥"}
[github.com/flipped-aurora/gin-vue-admin/server]2022/07/19 - 10:43:44.961	[31merror[0m	D:/gin-vue-admin-main/gin-vue-admin-main/server/api/v1/system/sys_trs.go:87	æ›´æ–°å¤±è´¥,ç–‘ä¼¼é¡¹ç›®å·å·²ç»å­˜åœ¨!	{"error": "å­˜åœ¨ç›¸åŒProjectNoé¡¹ç›®å·ä¿®æ”¹å¤±è´¥"}
[github.com/flipped-aurora/gin-vue-admin/server]2022/07/19 - 10:43:50.175	[31merror[0m	D:/gin-vue-admin-main/gin-vue-admin-main/server/api/v1/system/sys_trs.go:87	æ›´æ–°å¤±è´¥,ç–‘ä¼¼é¡¹ç›®å·å·²ç»å­˜åœ¨!	{"error": "å­˜åœ¨ç›¸åŒProjectNoé¡¹ç›®å·ä¿®æ”¹å¤±è´¥"}
[github.com/flipped-aurora/gin-vue-admin/server]2022/07/19 - 10:44:41.870	[31merror[0m	D:/gin-vue-admin-main/gin-vue-admin-main/server/api/v1/system/sys_trs.go:87	æ›´æ–°å¤±è´¥,ç–‘ä¼¼é¡¹ç›®å·å·²ç»å­˜åœ¨!	{"error": "å­˜åœ¨ç›¸åŒProjectNoé¡¹ç›®å·ä¿®æ”¹å¤±è´¥"}
[github.com/flipped-aurora/gin-vue-admin/server]2022/07/19 - 10:52:56.659	[31merror[0m	D:/gin-vue-admin-main/gin-vue-admin-main/server/api/v1/system/sys_trs.go:87	æ›´æ–°å¤±è´¥,ç–‘ä¼¼é¡¹ç›®å·å·²ç»å­˜åœ¨!	{"error": "å­˜åœ¨ç›¸åŒProjectNoé¡¹ç›®å·ä¿®æ”¹å¤±è´¥"}
[github.com/flipped-aurora/gin-vue-admin/server]2022/07/19 - 11:12:46.614	[31merror[0m	D:/gin-vue-admin-main/gin-vue-admin-main/server/api/v1/system/sys_trs.go:56	ç³»ç»Ÿæ‰§è¡Œè„šæœ¬å‡ºé”™!	{"error": "exec: \"sh\": executable file not found in %PATH%"}
[github.com/flipped-aurora/gin-vue-admin/server]2022/07/19 - 11:13:39.816	[31merror[0m	D:/gin-vue-admin-main/gin-vue-admin-main/server/api/v1/system/sys_trs.go:87	æ›´æ–°å¤±è´¥,ç–‘ä¼¼é¡¹ç›®å·å·²ç»å­˜åœ¨!	{"error": "å­˜åœ¨ç›¸åŒProjectNoé¡¹ç›®å·ä¿®æ”¹å¤±è´¥"}
[github.com/flipped-aurora/gin-vue-admin/server]2022/07/19 - 11:17:00.829	[31merror[0m	D:/gin-vue-admin-main/gin-vue-admin-main/server/api/v1/system/sys_trs.go:56	ç³»ç»Ÿæ‰§è¡Œè„šæœ¬å‡ºé”™!	{"error": "exec: \"sh\": executable file not found in %PATH%"}
[github.com/flipped-aurora/gin-vue-admin/server]2022/07/19 - 11:18:53.990	[31merror[0m	D:/gin-vue-admin-main/gin-vue-admin-main/server/api/v1/system/sys_trs.go:56	ç³»ç»Ÿæ‰§è¡Œè„šæœ¬å‡ºé”™!!!	{"error": "exec: \"sh\": executable file not found in %PATH%"}
[github.com/flipped-aurora/gin-vue-admin/server]2022/07/19 - 11:20:29.059	[31merror[0m	D:/gin-vue-admin-main/gin-vue-admin-main/server/api/v1/system/sys_trs.go:56	ç³»ç»Ÿæ‰§è¡Œè„šæœ¬å‡ºé”™!!!	{"error": "exec: \"sh\": executable file not found in %PATH%"}
[github.com/flipped-aurora/gin-vue-admin/server]2022/07/19 - 11:21:18.938	[31merror[0m	D:/gin-vue-admin-main/gin-vue-admin-main/server/api/v1/system/sys_trs.go:56	ç³»ç»Ÿæ‰§è¡Œè„šæœ¬å‡ºé”™!!!	{"error": "exec: \"sh\": executable file not found in %PATH%"}
[github.com/flipped-aurora/gin-vue-admin/server]2022/07/19 - 13:14:48.485	[31merror[0m	D:/gin-vue-admin-main/gin-vue-admin-main/server/api/v1/system/sys_trs.go:203	å¯¼å…¥æ–‡ä»¶å¤±è´¥!!!	{"error": "zip: not a valid zip file"}
[github.com/flipped-aurora/gin-vue-admin/server]2022/07/19 - 13:18:43.419	[31merror[0m	D:/gin-vue-admin-main/gin-vue-admin-main/server/api/v1/system/sys_trs.go:203	Excelæ–‡ä»¶æ ¼å¼æœ‰è¯¯!!!	{"error": "zip: not a valid zip file"}
[github.com/flipped-aurora/gin-vue-admin/server]2022/07/19 - 13:22:53.107	[31merror[0m	D:/gin-vue-admin-main/gin-vue-admin-main/server/api/v1/system/sys_trs.go:55	ç³»ç»Ÿæ‰§è¡Œè„šæœ¬å‡ºé”™!!!	{"error": "exec: \"sh\": executable file not found in %PATH%"}
[github.com/flipped-aurora/gin-vue-admin/server]2022/07/19 - 13:25:31.749	[31merror[0m	D:/gin-vue-admin-main/gin-vue-admin-main/server/api/v1/system/sys_trs.go:55	ç³»ç»Ÿæ‰§è¡Œè„šæœ¬å‡ºé”™!!!	{"error": "exec: \"sh\": executable file not found in %PATH%"}
[github.com/flipped-aurora/gin-vue-admin/server]2022/07/19 - 13:40:14.508	[31merror[0m	D:/gin-vue-admin-main/gin-vue-admin-main/server/api/v1/system/sys_trs.go:55	å­˜åœ¨é‡å¤é¡¹ç›®å·ï¼Œè¯·ä¿®æ”¹projectNo!	{"error": "exec: \"sh\": executable file not found in %PATH%"}
[github.com/flipped-aurora/gin-vue-admin/server]2022/07/19 - 13:48:20.902	[31merror[0m	D:/gin-vue-admin-main/gin-vue-admin-main/server/api/v1/system/sys_trs.go:215	å­˜åœ¨é‡å¤é¡¹ç›®å·ï¼Œè¯·ä¿®æ”¹projectNo!
[github.com/flipped-aurora/gin-vue-admin/server]2022/07/19 - 13:48:20.926	[31merror[0m	D:/gin-vue-admin-main/gin-vue-admin-main/server/api/v1/system/sys_trs.go:221	ç³»ç»Ÿæ‰§è¡Œè„šæœ¬å‡ºé”™!	{"error": "exec: \"sh\": executable file not found in %PATH%"}
[github.com/flipped-aurora/gin-vue-admin/server]2022/07/19 - 13:48:20.929	[31merror[0m	D:/gin-vue-admin-main/gin-vue-admin-main/server/middleware/operation.go:122	create operation record error:	{"error": "Error 1366: Incorrect string value: '\\x82\\xCFn\\x01\\x00\\x00...' for column 'body' at row 1"}
[github.com/flipped-aurora/gin-vue-admin/server]2022/07/19 - 13:56:54.794	[31merror[0m	D:/gin-vue-admin-main/gin-vue-admin-main/server/api/v1/system/sys_trs.go:215	å­˜åœ¨é‡å¤é¡¹ç›®å·ï¼Œè¯·ä¿®æ”¹projectNo!
[github.com/flipped-aurora/gin-vue-admin/server]2022/07/19 - 13:56:54.818	[31merror[0m	D:/gin-vue-admin-main/gin-vue-admin-main/server/api/v1/system/sys_trs.go:221	ç³»ç»Ÿæ‰§è¡Œè„šæœ¬å‡ºé”™!	{"error": "exec: \"sh\": executable file not found in %PATH%"}
[github.com/flipped-aurora/gin-vue-admin/server]2022/07/19 - 13:56:54.821	[31merror[0m	D:/gin-vue-admin-main/gin-vue-admin-main/server/middleware/operation.go:122	create operation record error:	{"error": "Error 1366: Incorrect string value: '\\x82\\xCFn\\x01\\x00\\x00...' for column 'body' at row 1"}
[github.com/flipped-aurora/gin-vue-admin/server]2022/07/19 - 13:57:47.060	[31merror[0m	D:/gin-vue-admin-main/gin-vue-admin-main/server/api/v1/system/sys_trs.go:55	å­˜åœ¨é‡å¤é¡¹ç›®å·ï¼Œè¯·ä¿®æ”¹projectNo!	{"error": "exec: \"sh\": executable file not found in %PATH%"}
[github.com/flipped-aurora/gin-vue-admin/server]2022/07/19 - 14:02:21.455	[31merror[0m	D:/gin-vue-admin-main/gin-vue-admin-main/server/api/v1/system/sys_trs.go:215	å­˜åœ¨é‡å¤é¡¹ç›®å·ï¼Œè¯·ä¿®æ”¹projectNo!
[github.com/flipped-aurora/gin-vue-admin/server]2022/07/19 - 14:02:21.457	[31merror[0m	D:/gin-vue-admin-main/gin-vue-admin-main/server/api/v1/system/sys_trs.go:215	å­˜åœ¨é‡å¤é¡¹ç›®å·ï¼Œè¯·ä¿®æ”¹projectNo!
[github.com/flipped-aurora/gin-vue-admin/server]2022/07/19 - 14:02:21.460	[31merror[0m	D:/gin-vue-admin-main/gin-vue-admin-main/server/middleware/operation.go:122	create operation record error:	{"error": "Error 1366: Incorrect string value: '\\x82\\xCFn\\x01\\x00\\x00...' for column 'body' at row 1"}
[github.com/flipped-aurora/gin-vue-admin/server]2022/07/19 - 14:02:53.309	[31merror[0m	D:/gin-vue-admin-main/gin-vue-admin-main/server/api/v1/system/sys_trs.go:187	æ–‡ä»¶ä¸å­˜åœ¨!	{"error": "CreateFile D:\\gin-vue-admin-main\\gin-vue-admin-main\\server\\outs\\RNAS018.txt: The system cannot find the file specified."}
[github.com/flipped-aurora/gin-vue-admin/server]2022/07/19 - 14:03:02.668	[31merror[0m	D:/gin-vue-admin-main/gin-vue-admin-main/server/api/v1/system/sys_trs.go:187	æ–‡ä»¶ä¸å­˜åœ¨!	{"error": "CreateFile D:\\gin-vue-admin-main\\gin-vue-admin-main\\server\\outs\\RNAS016.txt: The system cannot find the file specified."}
[github.com/flipped-aurora/gin-vue-admin/server]2022/07/19 - 14:03:48.740	[31merror[0m	D:/gin-vue-admin-main/gin-vue-admin-main/server/api/v1/system/sys_trs.go:215	å­˜åœ¨é‡å¤é¡¹ç›®å·ï¼Œè¯·ä¿®æ”¹projectNo!
[github.com/flipped-aurora/gin-vue-admin/server]2022/07/19 - 14:03:48.741	[31merror[0m	D:/gin-vue-admin-main/gin-vue-admin-main/server/api/v1/system/sys_trs.go:215	å­˜åœ¨é‡å¤é¡¹ç›®å·ï¼Œè¯·ä¿®æ”¹projectNo!
[github.com/flipped-aurora/gin-vue-admin/server]2022/07/19 - 14:03:48.744	[31merror[0m	D:/gin-vue-admin-main/gin-vue-admin-main/server/middleware/operation.go:122	create operation record error:	{"error": "Error 1366: Incorrect string value: '\\x82\\xCFn\\x01\\x00\\x00...' for column 'body' at row 1"}
[github.com/flipped-aurora/gin-vue-admin/server]2022/07/19 - 14:09:44.936	[31merror[0m	D:/gin-vue-admin-main/gin-vue-admin-main/server/api/v1/system/sys_trs.go:60	ç³»ç»Ÿæ‰§è¡Œè„šæœ¬å‡ºé”™!!!	{"error": "exec: \"sh\": executable file not found in %PATH%"}
[github.com/flipped-aurora/gin-vue-admin/server]2022/07/19 - 14:10:53.515	[31merror[0m	D:/gin-vue-admin-main/gin-vue-admin-main/server/api/v1/system/sys_trs.go:55	å­˜åœ¨é‡å¤é¡¹ç›®å·ï¼Œè¯·ä¿®æ”¹projectNo!	{"error": "exec: \"sh\": executable file not found in %PATH%"}
[github.com/flipped-aurora/gin-vue-admin/server]2022/07/19 - 14:17:17.494	[31merror[0m	D:/gin-vue-admin-main/gin-vue-admin-main/server/api/v1/system/sys_trs.go:60	ç³»ç»Ÿæ‰§è¡Œè„šæœ¬å‡ºé”™!!!	{"error": "exec: \"sh\": executable file not found in %PATH%"}
[github.com/flipped-aurora/gin-vue-admin/server]2022/07/19 - 14:17:45.687	[31merror[0m	D:/gin-vue-admin-main/gin-vue-admin-main/server/api/v1/system/sys_trs.go:47	å­˜åœ¨é‡å¤é¡¹ç›®å·ï¼Œè¯·ä¿®æ”¹projectNo!
[github.com/flipped-aurora/gin-vue-admin/server]2022/07/19 - 14:33:38.085	[31merror[0m	D:/gin-vue-admin-main/gin-vue-admin-main/server/api/v1/example/exa_excel.go:76	åŠ è½½æ•°æ®å¤±è´¥!	{"error": "zip: not a valid zip file"}
[github.com/flipped-aurora/gin-vue-admin/server]2022/07/19 - 14:37:54.784	[31merror[0m	D:/gin-vue-admin-main/gin-vue-admin-main/server/api/v1/system/sys_trs.go:215	å­˜åœ¨é‡å¤é¡¹ç›®å·ï¼Œè¯·ä¿®æ”¹projectNo!
[github.com/flipped-aurora/gin-vue-admin/server]2022/07/19 - 14:37:54.788	[31merror[0m	D:/gin-vue-admin-main/gin-vue-admin-main/server/middleware/operation.go:122	create operation record error:	{"error": "Error 1366: Incorrect string value: '\\x82\\xCFn\\x01\\x00\\x00...' for column 'body' at row 1"}
[github.com/flipped-aurora/gin-vue-admin/server]2022/07/19 - 14:47:21.691	[31merror[0m	D:/gin-vue-admin-main/gin-vue-admin-main/server/api/v1/system/sys_trs.go:215	å­˜åœ¨é‡å¤é¡¹ç›®å·ï¼Œè¯·ä¿®æ”¹projectNo!
[github.com/flipped-aurora/gin-vue-admin/server]2022/07/19 - 14:47:21.694	[31merror[0m	D:/gin-vue-admin-main/gin-vue-admin-main/server/middleware/operation.go:122	create operation record error:	{"error": "Error 1366: Incorrect string value: '\\x82\\xCFn\\x01\\x00\\x00...' for column 'body' at row 1"}
[github.com/flipped-aurora/gin-vue-admin/server]2022/07/19 - 14:52:21.806	[31merror[0m	D:/gin-vue-admin-main/gin-vue-admin-main/server/api/v1/system/sys_trs.go:215	å­˜åœ¨é‡å¤é¡¹ç›®å·ï¼Œè¯·ä¿®æ”¹projectNo!
[github.com/flipped-aurora/gin-vue-admin/server]2022/07/19 - 14:52:21.809	[31merror[0m	D:/gin-vue-admin-main/gin-vue-admin-main/server/middleware/operation.go:122	create operation record error:	{"error": "Error 1366: Incorrect string value: '\\x82\\xCFn\\x01\\x00\\x00...' for column 'body' at row 1"}
[github.com/flipped-aurora/gin-vue-admin/server]2022/07/19 - 14:53:09.247	[31merror[0m	D:/gin-vue-admin-main/gin-vue-admin-main/server/api/v1/system/sys_trs.go:215	å­˜åœ¨é‡å¤é¡¹ç›®å·ï¼Œè¯·ä¿®æ”¹projectNo!
[github.com/flipped-aurora/gin-vue-admin/server]2022/07/19 - 14:53:09.250	[31merror[0m	D:/gin-vue-admin-main/gin-vue-admin-main/server/middleware/operation.go:122	create operation record error:	{"error": "Error 1366: Incorrect string value: '\\x82\\xCFn\\x01\\x00\\x00...' for column 'body' at row 1"}
[github.com/flipped-aurora/gin-vue-admin/server]2022/07/19 - 14:53:18.984	[31merror[0m	D:/gin-vue-admin-main/gin-vue-admin-main/server/api/v1/system/sys_trs.go:208	Excelæ–‡ä»¶æ ¼å¼æœ‰è¯¯!!!	{"error": "zip: not a valid zip file"}
[github.com/flipped-aurora/gin-vue-admin/server]2022/07/19 - 14:54:59.562	[31merror[0m	D:/gin-vue-admin-main/gin-vue-admin-main/server/api/v1/system/sys_trs.go:215	å­˜åœ¨é‡å¤é¡¹ç›®å·ï¼Œè¯·ä¿®æ”¹projectNo!
[github.com/flipped-aurora/gin-vue-admin/server]2022/07/19 - 14:54:59.565	[31merror[0m	D:/gin-vue-admin-main/gin-vue-admin-main/server/middleware/operation.go:122	create operation record error:	{"error": "Error 1366: Incorrect string value: '\\x82\\xCFn\\x01\\x00\\x00...' for column 'body' at row 1"}
[github.com/flipped-aurora/gin-vue-admin/server]2022/07/19 - 14:56:11.058	[31merror[0m	D:/gin-vue-admin-main/gin-vue-admin-main/server/api/v1/system/sys_trs.go:215	å­˜åœ¨é‡å¤é¡¹ç›®å·ï¼Œè¯·ä¿®æ”¹projectNo!
[github.com/flipped-aurora/gin-vue-admin/server]2022/07/19 - 14:56:11.061	[31merror[0m	D:/gin-vue-admin-main/gin-vue-admin-main/server/middleware/operation.go:122	create operation record error:	{"error": "Error 1366: Incorrect string value: '\\x82\\xCFn\\x01\\x00\\x00...' for column 'body' at row 1"}
[github.com/flipped-aurora/gin-vue-admin/server]2022/07/19 - 15:02:35.510	[31merror[0m	D:/gin-vue-admin-main/gin-vue-admin-main/server/api/v1/system/sys_trs.go:208	Excelæ–‡ä»¶æ ¼å¼æœ‰è¯¯!!!	{"error": "sheet Sheet1 is not exist"}
[github.com/flipped-aurora/gin-vue-admin/server]2022/07/19 - 15:02:35.514	[31merror[0m	D:/gin-vue-admin-main/gin-vue-admin-main/server/middleware/operation.go:122	create operation record error:	{"error": "Error 1366: Incorrect string value: '\\xBE@e\\xF3\\x9A\\x01...' for column 'body' at row 1"}
[github.com/flipped-aurora/gin-vue-admin/server]2022/07/19 - 15:02:56.768	[31merror[0m	D:/gin-vue-admin-main/gin-vue-admin-main/server/api/v1/system/sys_trs.go:215	å­˜åœ¨é‡å¤é¡¹ç›®å·ï¼Œè¯·ä¿®æ”¹projectNo!
[github.com/flipped-aurora/gin-vue-admin/server]2022/07/19 - 15:02:56.771	[31merror[0m	D:/gin-vue-admin-main/gin-vue-admin-main/server/middleware/operation.go:122	create operation record error:	{"error": "Error 1366: Incorrect string value: '\\x82\\xCFn\\x01\\x00\\x00...' for column 'body' at row 1"}
